\BOOKMARK [1][]{section.1}{\376\377\0001\000\040\000I\000n\000t\000r\000o\000d\000u\000c\000t\000i\000o\000n}{}% 1
\BOOKMARK [1][]{section.2}{\376\377\0002\000\040\000B\000a\000s\000i\000c\000\040\000O\000x\000y\000g\000e\000n\000\040\000F\000u\000r\000n\000a\000c\000e}{}% 2
\BOOKMARK [1][]{section.3}{\376\377\0003\000\040\000C\000o\000m\000p\000u\000t\000e\000r\000-\000a\000i\000d\000e\000d\000\040\000M\000a\000t\000h\000e\000m\000a\000t\000i\000c\000a\000l\000\040\000M\000o\000d\000e\000l\000i\000n\000g\000\040\000a\000n\000d\000\040\000N\000u\000m\000e\000r\000i\000c\000a\000l\000\040\000S\000i\000m\000u\000l\000a\000t\000i\000o\000n}{}% 3
\BOOKMARK [2][]{subsection.3.1}{\376\377\0003\000.\0001\000\040\000I\000n\000t\000e\000r\000a\000c\000t\000i\000v\000e\000\040\000S\000i\000m\000u\000l\000a\000t\000i\000o\000n}{section.3}% 4
\BOOKMARK [1][]{section.4}{\376\377\0004\000\040\000L\000a\000t\000t\000i\000c\000e\000\040\000B\000o\000l\000t\000z\000m\000a\000n\000n\000\040\000M\000e\000t\000h\000o\000d}{}% 5
\BOOKMARK [2][]{subsection.4.1}{\376\377\0004\000.\0001\000\040\000S\000t\000a\000t\000e\000\040\000o\000f\000\040\000T\000h\000e\000\040\000A\000r\000t}{section.4}% 6
\BOOKMARK [1][]{section.5}{\376\377\0005\000\040\000M\000e\000t\000h\000o\000d\000o\000l\000o\000g\000y}{}% 7
\BOOKMARK [1][]{section.6}{\376\377\0006\000\040\000M\000o\000d\000e\000l\000i\000n\000g}{}% 8
\BOOKMARK [2][]{subsection.6.1}{\376\377\0006\000.\0001\000\040\000G\000o\000v\000e\000r\000n\000i\000n\000g\000\040\000E\000q\000u\000a\000t\000i\000o\000n\000s}{section.6}% 9
\BOOKMARK [2][]{subsection.6.2}{\376\377\0006\000.\0002\000\040\000T\000u\000r\000b\000u\000l\000e\000n\000c\000e\000\040\000M\000o\000d\000e\000l\000i\000n\000g}{section.6}% 10
\BOOKMARK [2][]{subsection.6.3}{\376\377\0006\000.\0003\000\040\000P\000h\000y\000s\000i\000c\000a\000l\000\040\000M\000o\000d\000e\000l}{section.6}% 11
\BOOKMARK [1][]{section.7}{\376\377\0007\000\040\000L\000a\000t\000t\000i\000c\000e\000\040\000B\000o\000l\000t\000z\000m\000a\000n\000n\000\040\000M\000e\000t\000h\000o\000d}{}% 12
\BOOKMARK [1][]{section.8}{\376\377\0008\000\040\000S\000i\000m\000u\000l\000a\000t\000i\000o\000n\000\040\000S\000o\000f\000t\000w\000a\000r\000e}{}% 13
\BOOKMARK [2][]{subsection.8.1}{\376\377\0008\000.\0001\000\040\000G\000P\000U\000\040\000C\000o\000m\000p\000u\000t\000i\000n\000g}{section.8}% 14
\BOOKMARK [3][]{subsubsection.8.1.1}{\376\377\0008\000.\0001\000.\0001\000\040\000C\000U\000D\000A\000\040\000a\000n\000d\000\040\000O\000p\000e\000n\000C\000L}{subsection.8.1}% 15
\BOOKMARK [3][]{subsubsection.8.1.2}{\376\377\0008\000.\0001\000.\0002\000\040\000A\000r\000r\000a\000y\000F\000i\000r\000e}{subsection.8.1}% 16
\BOOKMARK [2][]{subsection.8.2}{\376\377\0008\000.\0002\000\040\000O\000p\000t\000i\000m\000i\000z\000a\000t\000i\000o\000n\000s\000\040\000f\000o\000r\000\040\000G\000P\000U\000\040\000C\000o\000m\000p\000u\000t\000i\000n\000g}{section.8}% 17
\BOOKMARK [3][]{subsubsection.8.2.1}{\376\377\0008\000.\0002\000.\0001\000\040\000R\000e\000m\000o\000v\000i\000n\000g\000\040\000b\000r\000a\000n\000c\000h\000\040\000d\000i\000v\000e\000r\000g\000e\000n\000c\000e}{subsection.8.2}% 18
\BOOKMARK [2][]{subsection.8.3}{\376\377\0008\000.\0003\000\040\000P\000r\000o\000g\000r\000a\000m\000m\000i\000n\000g\000\040\000L\000a\000n\000g\000u\000a\000g\000e}{section.8}% 19
\BOOKMARK [3][]{subsubsection.8.3.1}{\376\377\0008\000.\0003\000.\0001\000\040\000W\000h\000y\000\040\000I\000\040\000C\000h\000o\000s\000e\000\040\000R\000u\000s\000t\000\040\000P\000r\000o\000g\000r\000a\000m\000m\000i\000n\000g\000\040\000L\000a\000n\000g\000u\000a\000g\000e}{subsection.8.3}% 20
\BOOKMARK [1][]{section.9}{\376\377\0009\000\040\000V\000i\000s\000u\000a\000l\000i\000z\000a\000t\000i\000o\000n\000\040\000S\000o\000f\000t\000w\000a\000r\000e}{}% 21
\BOOKMARK [2][]{subsection.9.1}{\376\377\0009\000.\0001\000\040\000H\000u\000m\000a\000n\000-\000C\000o\000m\000p\000u\000t\000e\000r\000\040\000I\000n\000t\000e\000r\000f\000a\000c\000e}{section.9}% 22
\BOOKMARK [3][]{subsubsection.9.1.1}{\376\377\0009\000.\0001\000.\0001\000\040\000S\000C\000A\000D\000A}{subsection.9.1}% 23
\BOOKMARK [2][]{subsection.9.2}{\376\377\0009\000.\0002\000\040\000V\000i\000s\000u\000a\000l\000i\000z\000a\000t\000i\000o\000n\000\040\000T\000o\000o\000l\000s}{section.9}% 24
\BOOKMARK [3][]{subsubsection.9.2.1}{\376\377\0009\000.\0002\000.\0001\000\040\000T\000h\000e\000\040\000V\000i\000s\000u\000a\000l\000i\000z\000a\000t\000i\000o\000n\000\040\000T\000o\000o\000l\000k\000i\000t}{subsection.9.2}% 25
\BOOKMARK [3][]{subsubsection.9.2.2}{\376\377\0009\000.\0002\000.\0002\000\040\000P\000a\000r\000a\000V\000i\000e\000w}{subsection.9.2}% 26
\BOOKMARK [2][]{subsection.9.3}{\376\377\0009\000.\0003\000\040\000V\000i\000r\000t\000u\000a\000l\000\040\000a\000n\000d\000\040\000A\000u\000g\000m\000e\000n\000t\000e\000d\000\040\000R\000e\000a\000l\000i\000t\000y}{section.9}% 27
\BOOKMARK [3][]{subsubsection.9.3.1}{\376\377\0009\000.\0003\000.\0001\000\040\000V\000i\000r\000t\000u\000a\000l\000\040\000R\000e\000a\000l\000i\000t\000y\000\040\000i\000n\000\040\000S\000t\000e\000e\000l\000m\000a\000k\000i\000n\000g}{subsection.9.3}% 28
\BOOKMARK [2][]{subsection.9.4}{\376\377\0009\000.\0004\000\040\000V\000i\000s\000u\000a\000l\000i\000z\000i\000n\000g\000\040\000S\000i\000m\000u\000l\000a\000t\000i\000o\000n\000\040\000i\000n\000\040\000V\000i\000r\000t\000u\000a\000l\000\040\000R\000e\000a\000l\000i\000t\000y}{section.9}% 29
\BOOKMARK [1][]{section.10}{\376\377\0001\0000\000\040\000R\000e\000s\000u\000l\000t\000s}{}% 30
\BOOKMARK [1][]{section.11}{\376\377\0001\0001\000\040\000C\000o\000n\000c\000l\000u\000s\000i\000o\000n\000s}{}% 31
\BOOKMARK [1][]{section.12}{\376\377\0001\0002\000\040\000D\000i\000s\000c\000u\000s\000s\000i\000o\000n}{}% 32
\BOOKMARK [1][]{section.13}{\376\377\0001\0003\000\040\000A\000p\000p\000e\000n\000d\000i\000x\000\040\000A\000:\000\040\000S\000i\000m\000u\000l\000a\000t\000i\000o\000n\000\040\000a\000s\000\040\000a\000n\000\040\000E\000d\000u\000c\000a\000t\000i\000o\000n\000a\000l\000\040\000T\000o\000o\000l}{}% 33
